The system is: Linux - 3.10.0-1062.9.1.el7.x86_64 - x86_64
Compiling the C compiler identification source file "CMakeCCompilerId.c" succeeded.
Compiler: /usr/bin/cc 
Build flags: 
Id flags: 

The output was:
0


Compilation of the C compiler identification source "CMakeCCompilerId.c" produced "a.out"

The C compiler identification is GNU, found in "/home/baby/meshserver/minimal-ws-server-echo/build/CMakeFiles/2.8.12.2/CompilerIdC/a.out"

Determining if the C compiler works passed with the following output:
Change Dir: /home/baby/meshserver/minimal-ws-server-echo/build/CMakeFiles/CMakeTmp

Run Build Command:/usr/bin/gmake "cmTryCompileExec1784986075/fast"
/usr/bin/gmake -f CMakeFiles/cmTryCompileExec1784986075.dir/build.make CMakeFiles/cmTryCompileExec1784986075.dir/build
gmake[1]: Entering directory `/home/baby/meshserver/minimal-ws-server-echo/build/CMakeFiles/CMakeTmp'
/usr/bin/cmake -E cmake_progress_report /home/baby/meshserver/minimal-ws-server-echo/build/CMakeFiles/CMakeTmp/CMakeFiles 1
Building C object CMakeFiles/cmTryCompileExec1784986075.dir/testCCompiler.c.o
/usr/bin/cc    -o CMakeFiles/cmTryCompileExec1784986075.dir/testCCompiler.c.o   -c /home/baby/meshserver/minimal-ws-server-echo/build/CMakeFiles/CMakeTmp/testCCompiler.c
Linking C executable cmTryCompileExec1784986075
/usr/bin/cmake -E cmake_link_script CMakeFiles/cmTryCompileExec1784986075.dir/link.txt --verbose=1
/usr/bin/cc       CMakeFiles/cmTryCompileExec1784986075.dir/testCCompiler.c.o  -o cmTryCompileExec1784986075 -rdynamic 
gmake[1]: Leaving directory `/home/baby/meshserver/minimal-ws-server-echo/build/CMakeFiles/CMakeTmp'


Detecting C compiler ABI info compiled with the following output:
Change Dir: /home/baby/meshserver/minimal-ws-server-echo/build/CMakeFiles/CMakeTmp

Run Build Command:/usr/bin/gmake "cmTryCompileExec803210533/fast"
/usr/bin/gmake -f CMakeFiles/cmTryCompileExec803210533.dir/build.make CMakeFiles/cmTryCompileExec803210533.dir/build
gmake[1]: Entering directory `/home/baby/meshserver/minimal-ws-server-echo/build/CMakeFiles/CMakeTmp'
/usr/bin/cmake -E cmake_progress_report /home/baby/meshserver/minimal-ws-server-echo/build/CMakeFiles/CMakeTmp/CMakeFiles 1
Building C object CMakeFiles/cmTryCompileExec803210533.dir/CMakeCCompilerABI.c.o
/usr/bin/cc    -o CMakeFiles/cmTryCompileExec803210533.dir/CMakeCCompilerABI.c.o   -c /usr/share/cmake/Modules/CMakeCCompilerABI.c
Linking C executable cmTryCompileExec803210533
/usr/bin/cmake -E cmake_link_script CMakeFiles/cmTryCompileExec803210533.dir/link.txt --verbose=1
/usr/bin/cc     -v CMakeFiles/cmTryCompileExec803210533.dir/CMakeCCompilerABI.c.o  -o cmTryCompileExec803210533 -rdynamic  
Using built-in specs.
COLLECT_GCC=/usr/bin/cc
COLLECT_LTO_WRAPPER=/usr/libexec/gcc/x86_64-redhat-linux/4.8.5/lto-wrapper
Target: x86_64-redhat-linux
Configured with: ../configure --prefix=/usr --mandir=/usr/share/man --infodir=/usr/share/info --with-bugurl=http://bugzilla.redhat.com/bugzilla --enable-bootstrap --enable-shared --enable-threads=posix --enable-checking=release --with-system-zlib --enable-__cxa_atexit --disable-libunwind-exceptions --enable-gnu-unique-object --enable-linker-build-id --with-linker-hash-style=gnu --enable-languages=c,c++,objc,obj-c++,java,fortran,ada,go,lto --enable-plugin --enable-initfini-array --disable-libgcj --with-isl=/builddir/build/BUILD/gcc-4.8.5-20150702/obj-x86_64-redhat-linux/isl-install --with-cloog=/builddir/build/BUILD/gcc-4.8.5-20150702/obj-x86_64-redhat-linux/cloog-install --enable-gnu-indirect-function --with-tune=generic --with-arch_32=x86-64 --build=x86_64-redhat-linux
Thread model: posix
gcc version 4.8.5 20150623 (Red Hat 4.8.5-44) (GCC) 
COMPILER_PATH=/usr/libexec/gcc/x86_64-redhat-linux/4.8.5/:/usr/libexec/gcc/x86_64-redhat-linux/4.8.5/:/usr/libexec/gcc/x86_64-redhat-linux/:/usr/lib/gcc/x86_64-redhat-linux/4.8.5/:/usr/lib/gcc/x86_64-redhat-linux/
LIBRARY_PATH=/usr/lib/gcc/x86_64-redhat-linux/4.8.5/:/usr/lib/gcc/x86_64-redhat-linux/4.8.5/../../../../lib64/:/lib/../lib64/:/usr/lib/../lib64/:/usr/lib/gcc/x86_64-redhat-linux/4.8.5/../../../:/lib/:/usr/lib/
COLLECT_GCC_OPTIONS='-v' '-o' 'cmTryCompileExec803210533' '-rdynamic' '-mtune=generic' '-march=x86-64'
 /usr/libexec/gcc/x86_64-redhat-linux/4.8.5/collect2 --build-id --no-add-needed --eh-frame-hdr --hash-style=gnu -m elf_x86_64 -export-dynamic -dynamic-linker /lib64/ld-linux-x86-64.so.2 -o cmTryCompileExec803210533 /usr/lib/gcc/x86_64-redhat-linux/4.8.5/../../../../lib64/crt1.o /usr/lib/gcc/x86_64-redhat-linux/4.8.5/../../../../lib64/crti.o /usr/lib/gcc/x86_64-redhat-linux/4.8.5/crtbegin.o -L/usr/lib/gcc/x86_64-redhat-linux/4.8.5 -L/usr/lib/gcc/x86_64-redhat-linux/4.8.5/../../../../lib64 -L/lib/../lib64 -L/usr/lib/../lib64 -L/usr/lib/gcc/x86_64-redhat-linux/4.8.5/../../.. CMakeFiles/cmTryCompileExec803210533.dir/CMakeCCompilerABI.c.o -lgcc --as-needed -lgcc_s --no-as-needed -lc -lgcc --as-needed -lgcc_s --no-as-needed /usr/lib/gcc/x86_64-redhat-linux/4.8.5/crtend.o /usr/lib/gcc/x86_64-redhat-linux/4.8.5/../../../../lib64/crtn.o
gmake[1]: Leaving directory `/home/baby/meshserver/minimal-ws-server-echo/build/CMakeFiles/CMakeTmp'


Parsed C implicit link information from above output:
  link line regex: [^( *|.*[/\])(ld|([^/\]+-)?ld|collect2)[^/\]*( |$)]
  ignore line: [Change Dir: /home/baby/meshserver/minimal-ws-server-echo/build/CMakeFiles/CMakeTmp]
  ignore line: []
  ignore line: [Run Build Command:/usr/bin/gmake "cmTryCompileExec803210533/fast"]
  ignore line: [/usr/bin/gmake -f CMakeFiles/cmTryCompileExec803210533.dir/build.make CMakeFiles/cmTryCompileExec803210533.dir/build]
  ignore line: [gmake[1]: Entering directory `/home/baby/meshserver/minimal-ws-server-echo/build/CMakeFiles/CMakeTmp']
  ignore line: [/usr/bin/cmake -E cmake_progress_report /home/baby/meshserver/minimal-ws-server-echo/build/CMakeFiles/CMakeTmp/CMakeFiles 1]
  ignore line: [Building C object CMakeFiles/cmTryCompileExec803210533.dir/CMakeCCompilerABI.c.o]
  ignore line: [/usr/bin/cc    -o CMakeFiles/cmTryCompileExec803210533.dir/CMakeCCompilerABI.c.o   -c /usr/share/cmake/Modules/CMakeCCompilerABI.c]
  ignore line: [Linking C executable cmTryCompileExec803210533]
  ignore line: [/usr/bin/cmake -E cmake_link_script CMakeFiles/cmTryCompileExec803210533.dir/link.txt --verbose=1]
  ignore line: [/usr/bin/cc     -v CMakeFiles/cmTryCompileExec803210533.dir/CMakeCCompilerABI.c.o  -o cmTryCompileExec803210533 -rdynamic  ]
  ignore line: [Using built-in specs.]
  ignore line: [COLLECT_GCC=/usr/bin/cc]
  ignore line: [COLLECT_LTO_WRAPPER=/usr/libexec/gcc/x86_64-redhat-linux/4.8.5/lto-wrapper]
  ignore line: [Target: x86_64-redhat-linux]
  ignore line: [Configured with: ../configure --prefix=/usr --mandir=/usr/share/man --infodir=/usr/share/info --with-bugurl=http://bugzilla.redhat.com/bugzilla --enable-bootstrap --enable-shared --enable-threads=posix --enable-checking=release --with-system-zlib --enable-__cxa_atexit --disable-libunwind-exceptions --enable-gnu-unique-object --enable-linker-build-id --with-linker-hash-style=gnu --enable-languages=c,c++,objc,obj-c++,java,fortran,ada,go,lto --enable-plugin --enable-initfini-array --disable-libgcj --with-isl=/builddir/build/BUILD/gcc-4.8.5-20150702/obj-x86_64-redhat-linux/isl-install --with-cloog=/builddir/build/BUILD/gcc-4.8.5-20150702/obj-x86_64-redhat-linux/cloog-install --enable-gnu-indirect-function --with-tune=generic --with-arch_32=x86-64 --build=x86_64-redhat-linux]
  ignore line: [Thread model: posix]
  ignore line: [gcc version 4.8.5 20150623 (Red Hat 4.8.5-44) (GCC) ]
  ignore line: [COMPILER_PATH=/usr/libexec/gcc/x86_64-redhat-linux/4.8.5/:/usr/libexec/gcc/x86_64-redhat-linux/4.8.5/:/usr/libexec/gcc/x86_64-redhat-linux/:/usr/lib/gcc/x86_64-redhat-linux/4.8.5/:/usr/lib/gcc/x86_64-redhat-linux/]
  ignore line: [LIBRARY_PATH=/usr/lib/gcc/x86_64-redhat-linux/4.8.5/:/usr/lib/gcc/x86_64-redhat-linux/4.8.5/../../../../lib64/:/lib/../lib64/:/usr/lib/../lib64/:/usr/lib/gcc/x86_64-redhat-linux/4.8.5/../../../:/lib/:/usr/lib/]
  ignore line: [COLLECT_GCC_OPTIONS='-v' '-o' 'cmTryCompileExec803210533' '-rdynamic' '-mtune=generic' '-march=x86-64']
  link line: [ /usr/libexec/gcc/x86_64-redhat-linux/4.8.5/collect2 --build-id --no-add-needed --eh-frame-hdr --hash-style=gnu -m elf_x86_64 -export-dynamic -dynamic-linker /lib64/ld-linux-x86-64.so.2 -o cmTryCompileExec803210533 /usr/lib/gcc/x86_64-redhat-linux/4.8.5/../../../../lib64/crt1.o /usr/lib/gcc/x86_64-redhat-linux/4.8.5/../../../../lib64/crti.o /usr/lib/gcc/x86_64-redhat-linux/4.8.5/crtbegin.o -L/usr/lib/gcc/x86_64-redhat-linux/4.8.5 -L/usr/lib/gcc/x86_64-redhat-linux/4.8.5/../../../../lib64 -L/lib/../lib64 -L/usr/lib/../lib64 -L/usr/lib/gcc/x86_64-redhat-linux/4.8.5/../../.. CMakeFiles/cmTryCompileExec803210533.dir/CMakeCCompilerABI.c.o -lgcc --as-needed -lgcc_s --no-as-needed -lc -lgcc --as-needed -lgcc_s --no-as-needed /usr/lib/gcc/x86_64-redhat-linux/4.8.5/crtend.o /usr/lib/gcc/x86_64-redhat-linux/4.8.5/../../../../lib64/crtn.o]
    arg [/usr/libexec/gcc/x86_64-redhat-linux/4.8.5/collect2] ==> ignore
    arg [--build-id] ==> ignore
    arg [--no-add-needed] ==> ignore
    arg [--eh-frame-hdr] ==> ignore
    arg [--hash-style=gnu] ==> ignore
    arg [-m] ==> ignore
    arg [elf_x86_64] ==> ignore
    arg [-export-dynamic] ==> ignore
    arg [-dynamic-linker] ==> ignore
    arg [/lib64/ld-linux-x86-64.so.2] ==> ignore
    arg [-o] ==> ignore
    arg [cmTryCompileExec803210533] ==> ignore
    arg [/usr/lib/gcc/x86_64-redhat-linux/4.8.5/../../../../lib64/crt1.o] ==> ignore
    arg [/usr/lib/gcc/x86_64-redhat-linux/4.8.5/../../../../lib64/crti.o] ==> ignore
    arg [/usr/lib/gcc/x86_64-redhat-linux/4.8.5/crtbegin.o] ==> ignore
    arg [-L/usr/lib/gcc/x86_64-redhat-linux/4.8.5] ==> dir [/usr/lib/gcc/x86_64-redhat-linux/4.8.5]
    arg [-L/usr/lib/gcc/x86_64-redhat-linux/4.8.5/../../../../lib64] ==> dir [/usr/lib/gcc/x86_64-redhat-linux/4.8.5/../../../../lib64]
    arg [-L/lib/../lib64] ==> dir [/lib/../lib64]
    arg [-L/usr/lib/../lib64] ==> dir [/usr/lib/../lib64]
    arg [-L/usr/lib/gcc/x86_64-redhat-linux/4.8.5/../../..] ==> dir [/usr/lib/gcc/x86_64-redhat-linux/4.8.5/../../..]
    arg [CMakeFiles/cmTryCompileExec803210533.dir/CMakeCCompilerABI.c.o] ==> ignore
    arg [-lgcc] ==> lib [gcc]
    arg [--as-needed] ==> ignore
    arg [-lgcc_s] ==> lib [gcc_s]
    arg [--no-as-needed] ==> ignore
    arg [-lc] ==> lib [c]
    arg [-lgcc] ==> lib [gcc]
    arg [--as-needed] ==> ignore
    arg [-lgcc_s] ==> lib [gcc_s]
    arg [--no-as-needed] ==> ignore
    arg [/usr/lib/gcc/x86_64-redhat-linux/4.8.5/crtend.o] ==> ignore
    arg [/usr/lib/gcc/x86_64-redhat-linux/4.8.5/../../../../lib64/crtn.o] ==> ignore
  remove lib [gcc]
  remove lib [gcc_s]
  remove lib [gcc]
  remove lib [gcc_s]
  collapse library dir [/usr/lib/gcc/x86_64-redhat-linux/4.8.5] ==> [/usr/lib/gcc/x86_64-redhat-linux/4.8.5]
  collapse library dir [/usr/lib/gcc/x86_64-redhat-linux/4.8.5/../../../../lib64] ==> [/usr/lib64]
  collapse library dir [/lib/../lib64] ==> [/lib64]
  collapse library dir [/usr/lib/../lib64] ==> [/usr/lib64]
  collapse library dir [/usr/lib/gcc/x86_64-redhat-linux/4.8.5/../../..] ==> [/usr/lib]
  implicit libs: [c]
  implicit dirs: [/usr/lib/gcc/x86_64-redhat-linux/4.8.5;/usr/lib64;/lib64;/usr/lib]
  implicit fwks: []


Performing C SOURCE FILE Test HAS_LWS_ROLE_WS succeded with the following output:
Change Dir: /home/baby/meshserver/minimal-ws-server-echo/build/CMakeFiles/CMakeTmp

Run Build Command:/usr/bin/gmake "cmTryCompileExec2292173886/fast"
/usr/bin/gmake -f CMakeFiles/cmTryCompileExec2292173886.dir/build.make CMakeFiles/cmTryCompileExec2292173886.dir/build
gmake[1]: Entering directory `/home/baby/meshserver/minimal-ws-server-echo/build/CMakeFiles/CMakeTmp'
/usr/bin/cmake -E cmake_progress_report /home/baby/meshserver/minimal-ws-server-echo/build/CMakeFiles/CMakeTmp/CMakeFiles 1
Building C object CMakeFiles/cmTryCompileExec2292173886.dir/src.c.o
/usr/bin/cc   -DHAS_LWS_ROLE_WS   -o CMakeFiles/cmTryCompileExec2292173886.dir/src.c.o   -c /home/baby/meshserver/minimal-ws-server-echo/build/CMakeFiles/CMakeTmp/src.c
Linking C executable cmTryCompileExec2292173886
/usr/bin/cmake -E cmake_link_script CMakeFiles/cmTryCompileExec2292173886.dir/link.txt --verbose=1
/usr/bin/cc   -DHAS_LWS_ROLE_WS    CMakeFiles/cmTryCompileExec2292173886.dir/src.c.o  -o cmTryCompileExec2292173886 -rdynamic 
gmake[1]: Leaving directory `/home/baby/meshserver/minimal-ws-server-echo/build/CMakeFiles/CMakeTmp'

Source file was:
#include <libwebsockets.h>
int main(void) {
#if defined(LWS_ROLE_WS)
 return 0;
#else
 fail;
#endif
 return 0;
}

Performing C SOURCE FILE Test HAS_LWS_WITH_SERVER succeded with the following output:
Change Dir: /home/baby/meshserver/minimal-ws-server-echo/build/CMakeFiles/CMakeTmp

Run Build Command:/usr/bin/gmake "cmTryCompileExec2623656280/fast"
/usr/bin/gmake -f CMakeFiles/cmTryCompileExec2623656280.dir/build.make CMakeFiles/cmTryCompileExec2623656280.dir/build
gmake[1]: Entering directory `/home/baby/meshserver/minimal-ws-server-echo/build/CMakeFiles/CMakeTmp'
/usr/bin/cmake -E cmake_progress_report /home/baby/meshserver/minimal-ws-server-echo/build/CMakeFiles/CMakeTmp/CMakeFiles 1
Building C object CMakeFiles/cmTryCompileExec2623656280.dir/src.c.o
/usr/bin/cc   -DHAS_LWS_WITH_SERVER   -o CMakeFiles/cmTryCompileExec2623656280.dir/src.c.o   -c /home/baby/meshserver/minimal-ws-server-echo/build/CMakeFiles/CMakeTmp/src.c
Linking C executable cmTryCompileExec2623656280
/usr/bin/cmake -E cmake_link_script CMakeFiles/cmTryCompileExec2623656280.dir/link.txt --verbose=1
/usr/bin/cc   -DHAS_LWS_WITH_SERVER    CMakeFiles/cmTryCompileExec2623656280.dir/src.c.o  -o cmTryCompileExec2623656280 -rdynamic 
gmake[1]: Leaving directory `/home/baby/meshserver/minimal-ws-server-echo/build/CMakeFiles/CMakeTmp'

Source file was:
#include <libwebsockets.h>
int main(void) {
#if defined(LWS_WITH_SERVER)
 return 0;
#else
 fail;
#endif
 return 0;
}

Performing C SOURCE FILE Test HAS_LWS_WITHOUT_EXTENSIONS succeded with the following output:
Change Dir: /home/baby/meshserver/minimal-ws-server-echo/build/CMakeFiles/CMakeTmp

Run Build Command:/usr/bin/gmake "cmTryCompileExec3243011386/fast"
/usr/bin/gmake -f CMakeFiles/cmTryCompileExec3243011386.dir/build.make CMakeFiles/cmTryCompileExec3243011386.dir/build
gmake[1]: Entering directory `/home/baby/meshserver/minimal-ws-server-echo/build/CMakeFiles/CMakeTmp'
/usr/bin/cmake -E cmake_progress_report /home/baby/meshserver/minimal-ws-server-echo/build/CMakeFiles/CMakeTmp/CMakeFiles 1
Building C object CMakeFiles/cmTryCompileExec3243011386.dir/src.c.o
/usr/bin/cc   -DHAS_LWS_WITHOUT_EXTENSIONS   -o CMakeFiles/cmTryCompileExec3243011386.dir/src.c.o   -c /home/baby/meshserver/minimal-ws-server-echo/build/CMakeFiles/CMakeTmp/src.c
Linking C executable cmTryCompileExec3243011386
/usr/bin/cmake -E cmake_link_script CMakeFiles/cmTryCompileExec3243011386.dir/link.txt --verbose=1
/usr/bin/cc   -DHAS_LWS_WITHOUT_EXTENSIONS    CMakeFiles/cmTryCompileExec3243011386.dir/src.c.o  -o cmTryCompileExec3243011386 -rdynamic 
gmake[1]: Leaving directory `/home/baby/meshserver/minimal-ws-server-echo/build/CMakeFiles/CMakeTmp'

Source file was:
#include <libwebsockets.h>
int main(void) {
#if defined(LWS_WITHOUT_EXTENSIONS)
 return 0;
#else
 fail;
#endif
 return 0;
}

